{"/home/kodanny/frontend-project-46/src/index.js": {"path":"/home/kodanny/frontend-project-46/src/index.js","statementMap":{"0":{"start":{"line":5,"column":21},"end":{"line":45,"column":1}},"1":{"start":{"line":6,"column":26},"end":{"line":6,"column":39}},"2":{"start":{"line":8,"column":24},"end":{"line":8,"column":64}},"3":{"start":{"line":9,"column":24},"end":{"line":9,"column":64}},"4":{"start":{"line":11,"column":15},"end":{"line":11,"column":66}},"5":{"start":{"line":12,"column":15},"end":{"line":12,"column":66}},"6":{"start":{"line":14,"column":16},"end":{"line":14,"column":33}},"7":{"start":{"line":15,"column":16},"end":{"line":15,"column":33}},"8":{"start":{"line":17,"column":19},"end":{"line":42,"column":10}},"9":{"start":{"line":19,"column":6},"end":{"line":21,"column":7}},"10":{"start":{"line":20,"column":8},"end":{"line":20,"column":56}},"11":{"start":{"line":22,"column":6},"end":{"line":24,"column":7}},"12":{"start":{"line":23,"column":8},"end":{"line":23,"column":58}},"13":{"start":{"line":25,"column":6},"end":{"line":27,"column":7}},"14":{"start":{"line":26,"column":8},"end":{"line":26,"column":60}},"15":{"start":{"line":28,"column":6},"end":{"line":28,"column":100}},"16":{"start":{"line":31,"column":19},"end":{"line":31,"column":22}},"17":{"start":{"line":32,"column":6},"end":{"line":35,"column":7}},"18":{"start":{"line":33,"column":8},"end":{"line":33,"column":53}},"19":{"start":{"line":34,"column":8},"end":{"line":34,"column":22}},"20":{"start":{"line":36,"column":6},"end":{"line":39,"column":7}},"21":{"start":{"line":37,"column":8},"end":{"line":37,"column":53}},"22":{"start":{"line":38,"column":8},"end":{"line":38,"column":22}},"23":{"start":{"line":40,"column":6},"end":{"line":40,"column":51}},"24":{"start":{"line":41,"column":6},"end":{"line":41,"column":20}},"25":{"start":{"line":44,"column":2},"end":{"line":44,"column":27}}},"fnMap":{"0":{"name":"(anonymous_0)","decl":{"start":{"line":5,"column":21},"end":{"line":5,"column":22}},"loc":{"start":{"line":5,"column":47},"end":{"line":45,"column":1}},"line":5},"1":{"name":"(anonymous_1)","decl":{"start":{"line":18,"column":13},"end":{"line":18,"column":14}},"loc":{"start":{"line":18,"column":22},"end":{"line":29,"column":5}},"line":18},"2":{"name":"(anonymous_2)","decl":{"start":{"line":30,"column":12},"end":{"line":30,"column":13}},"loc":{"start":{"line":30,"column":27},"end":{"line":42,"column":5}},"line":30}},"branchMap":{"0":{"loc":{"start":{"line":19,"column":6},"end":{"line":21,"column":7}},"type":"if","locations":[{"start":{"line":19,"column":6},"end":{"line":21,"column":7}},{"start":{},"end":{}}],"line":19},"1":{"loc":{"start":{"line":22,"column":6},"end":{"line":24,"column":7}},"type":"if","locations":[{"start":{"line":22,"column":6},"end":{"line":24,"column":7}},{"start":{},"end":{}}],"line":22},"2":{"loc":{"start":{"line":25,"column":6},"end":{"line":27,"column":7}},"type":"if","locations":[{"start":{"line":25,"column":6},"end":{"line":27,"column":7}},{"start":{},"end":{}}],"line":25},"3":{"loc":{"start":{"line":32,"column":6},"end":{"line":35,"column":7}},"type":"if","locations":[{"start":{"line":32,"column":6},"end":{"line":35,"column":7}},{"start":{},"end":{}}],"line":32},"4":{"loc":{"start":{"line":36,"column":6},"end":{"line":39,"column":7}},"type":"if","locations":[{"start":{"line":36,"column":6},"end":{"line":39,"column":7}},{"start":{},"end":{}}],"line":36}},"s":{"0":1,"1":1,"2":1,"3":1,"4":1,"5":1,"6":1,"7":1,"8":1,"9":5,"10":1,"11":4,"12":2,"13":2,"14":1,"15":1,"16":6,"17":6,"18":2,"19":2,"20":4,"21":3,"22":3,"23":1,"24":1,"25":1},"f":{"0":1,"1":5,"2":6},"b":{"0":[1,4],"1":[2,2],"2":[1,1],"3":[2,4],"4":[3,1]},"_coverageSchema":"1a1c01bbd47fc00a2c39e90264f33305004495a9","hash":"132de025997bd7db3a60292d011de138c31c5bd7"}
}
