TN:
SF:src/index.js
FN:5,(anonymous_0)
FN:18,(anonymous_1)
FN:30,(anonymous_2)
FNF:3
FNH:3
FNDA:1,(anonymous_0)
FNDA:5,(anonymous_1)
FNDA:6,(anonymous_2)
DA:5,1
DA:6,1
DA:8,1
DA:9,1
DA:11,1
DA:12,1
DA:14,1
DA:15,1
DA:17,1
DA:19,5
DA:20,1
DA:22,4
DA:23,2
DA:25,2
DA:26,1
DA:28,1
DA:31,6
DA:32,6
DA:33,2
DA:34,2
DA:36,4
DA:37,3
DA:38,3
DA:40,1
DA:41,1
DA:44,1
LF:26
LH:26
BRDA:19,0,0,1
BRDA:19,0,1,4
BRDA:22,1,0,2
BRDA:22,1,1,2
BRDA:25,2,0,1
BRDA:25,2,1,1
BRDA:32,3,0,2
BRDA:32,3,1,4
BRDA:36,4,0,3
BRDA:36,4,1,1
BRF:10
BRH:10
end_of_record
